<?xml version="1.0" encoding="UTF-8"?>
<testsuite name="Technical Challenge Utest" tests="1" skipped="0" failures="0" errors="0" timestamp="2022-10-01T16:09:46" hostname="DESKTOP-M9SJ4HH" time="25.553">
  <properties/>
  <testcase name="Register at Utest.com website" classname="Technical Challenge Utest" time="25.553"/>
  <system-out><![CDATA[]]></system-out>
  <system-err><![CDATA[[Test worker] WARN net.thucydides.core.steps.BaseStepListener - stepStarted: net.thucydides.core.steps.ExecutedStepDescription@71104a4
[Test worker] WARN net.thucydides.core.steps.BaseStepListener - stepStarted: net.thucydides.core.steps.ExecutedStepDescription@e04ccf8
[Test worker] WARN net.thucydides.core.steps.BaseStepListener - stepStarted: net.thucydides.core.steps.ExecutedStepDescription@cfbc8e8
oct 01, 2022 11:09:46 AM org.openqa.selenium.remote.DesiredCapabilities chrome
INFORMACIÓN: Using `new ChromeOptions()` is preferred to `DesiredCapabilities.chrome()`
[Test worker] INFO net.serenitybdd.core.webdriver.driverproviders.ProvideNewDriver - Instantiating driver
[Test worker] INFO net.serenitybdd.core.webdriver.driverproviders.ProvideNewDriver - Driver capabilities: Capabilities {acceptInsecureCerts: false, browserName: chrome, chrome.switches: --start-maximized, goog:chromeOptions: {args: [--start-maximized], extensions: []}, loggingPrefs: org.openqa.selenium.logging..., platform: ANY, version: }
Starting ChromeDriver 106.0.5249.61 (511755355844955cd3e264779baf0dd38212a4d0-refs/branch-heads/5249@{#569}) on port 22044
Only local connections are allowed.
Please see https://chromedriver.chromium.org/security-considerations for suggestions on keeping ChromeDriver safe.
ChromeDriver was started successfully.
oct 01, 2022 11:09:50 AM org.openqa.selenium.remote.ProtocolHandshake createSession
INFORMACIÓN: Detected dialect: W3C
[Test worker] WARN net.thucydides.core.steps.BaseStepListener - stepFinished: current outcome:Register at Utest.com website:Example: {strFirstName=Juan Diego, strLastName=Gonzalez Gomez, strEmailAddress=correo@gmail.com, strPassword=Prueba1234, strTitle=Welcome to the world's largest community of freelance software testers!} [Given that Juan Diego wants to be a member of the Utest community [Juan diego open up [Juan Diego opens the Utest home page]]]
[Test worker] WARN net.thucydides.core.steps.BaseStepListener - stepFinished: current outcome:Register at Utest.com website:Example: {strFirstName=Juan Diego, strLastName=Gonzalez Gomez, strEmailAddress=correo@gmail.com, strPassword=Prueba1234, strTitle=Welcome to the world's largest community of freelance software testers!} [Given that Juan Diego wants to be a member of the Utest community [Juan diego open up [Juan Diego opens the Utest home page]]]
[Test worker] WARN net.thucydides.core.steps.BaseStepListener - stepFinished: current outcome:Register at Utest.com website:Example: {strFirstName=Juan Diego, strLastName=Gonzalez Gomez, strEmailAddress=correo@gmail.com, strPassword=Prueba1234, strTitle=Welcome to the world's largest community of freelance software testers!} [Given that Juan Diego wants to be a member of the Utest community [Juan diego open up [Juan Diego opens the Utest home page]]]
[Test worker] WARN net.thucydides.core.steps.BaseStepListener - stepStarted: net.thucydides.core.steps.ExecutedStepDescription@3453acd2
[Test worker] WARN net.thucydides.core.steps.BaseStepListener - stepStarted: net.thucydides.core.steps.ExecutedStepDescription@6963b88c
[Test worker] WARN net.thucydides.core.steps.BaseStepListener - stepStarted: net.thucydides.core.steps.ExecutedStepDescription@38291795
[Test worker] WARN net.thucydides.core.steps.BaseStepListener - stepFinished: current outcome:Register at Utest.com website:Example: {strFirstName=Juan Diego, strLastName=Gonzalez Gomez, strEmailAddress=correo@gmail.com, strPassword=Prueba1234, strTitle=Welcome to the world's largest community of freelance software testers!} [Given that Juan Diego wants to be a member of the Utest community [Juan diego open up [Juan Diego opens the Utest home page]], When he goes to the Utest website homepage and fills up the sign up form
| strFirstName | strLastName | strEmailAddress | strPassword |
| Juan Diego | Gonzalez Gomez | correo@gmail.com | Prueba1234 | [Juan diego sign up [Juan Diego clicks on button that displays the sign up form]]]
[Test worker] WARN net.thucydides.core.steps.BaseStepListener - stepStarted: net.thucydides.core.steps.ExecutedStepDescription@36776c32
[Test worker] WARN net.thucydides.core.steps.BaseStepListener - stepFinished: current outcome:Register at Utest.com website:Example: {strFirstName=Juan Diego, strLastName=Gonzalez Gomez, strEmailAddress=correo@gmail.com, strPassword=Prueba1234, strTitle=Welcome to the world's largest community of freelance software testers!} [Given that Juan Diego wants to be a member of the Utest community [Juan diego open up [Juan Diego opens the Utest home page]], When he goes to the Utest website homepage and fills up the sign up form
| strFirstName | strLastName | strEmailAddress | strPassword |
| Juan Diego | Gonzalez Gomez | correo@gmail.com | Prueba1234 | [Juan diego sign up [Juan Diego clicks on button that displays the sign up form, Juan Diego enters 'Juan Diego' into input where the user's first name is written]]]
[Test worker] WARN net.thucydides.core.steps.BaseStepListener - stepStarted: net.thucydides.core.steps.ExecutedStepDescription@2921199d
[Test worker] WARN net.thucydides.core.steps.BaseStepListener - stepFinished: current outcome:Register at Utest.com website:Example: {strFirstName=Juan Diego, strLastName=Gonzalez Gomez, strEmailAddress=correo@gmail.com, strPassword=Prueba1234, strTitle=Welcome to the world's largest community of freelance software testers!} [Given that Juan Diego wants to be a member of the Utest community [Juan diego open up [Juan Diego opens the Utest home page]], When he goes to the Utest website homepage and fills up the sign up form
| strFirstName | strLastName | strEmailAddress | strPassword |
| Juan Diego | Gonzalez Gomez | correo@gmail.com | Prueba1234 | [Juan diego sign up [Juan Diego clicks on button that displays the sign up form, Juan Diego enters 'Juan Diego' into input where the user's first name is written, Juan Diego enters 'Gonzalez Gomez' into input where the user's last name is written]]]
[Test worker] WARN net.thucydides.core.steps.BaseStepListener - stepStarted: net.thucydides.core.steps.ExecutedStepDescription@588545ac
[Test worker] WARN net.thucydides.core.steps.BaseStepListener - stepFinished: current outcome:Register at Utest.com website:Example: {strFirstName=Juan Diego, strLastName=Gonzalez Gomez, strEmailAddress=correo@gmail.com, strPassword=Prueba1234, strTitle=Welcome to the world's largest community of freelance software testers!} [Given that Juan Diego wants to be a member of the Utest community [Juan diego open up [Juan Diego opens the Utest home page]], When he goes to the Utest website homepage and fills up the sign up form
| strFirstName | strLastName | strEmailAddress | strPassword |
| Juan Diego | Gonzalez Gomez | correo@gmail.com | Prueba1234 | [Juan diego sign up [Juan Diego clicks on button that displays the sign up form, Juan Diego enters 'Juan Diego' into input where the user's first name is written, Juan Diego enters 'Gonzalez Gomez' into input where the user's last name is written, Juan Diego enters 'cb52d059-498b-4bc9-a827-860c8e1f8e4fcorreo@gmail.com' into input where the user's email address is written]]]
[Test worker] WARN net.thucydides.core.steps.BaseStepListener - stepStarted: net.thucydides.core.steps.ExecutedStepDescription@2d5a1588
[Test worker] WARN net.thucydides.core.steps.BaseStepListener - stepFinished: current outcome:Register at Utest.com website:Example: {strFirstName=Juan Diego, strLastName=Gonzalez Gomez, strEmailAddress=correo@gmail.com, strPassword=Prueba1234, strTitle=Welcome to the world's largest community of freelance software testers!} [Given that Juan Diego wants to be a member of the Utest community [Juan diego open up [Juan Diego opens the Utest home page]], When he goes to the Utest website homepage and fills up the sign up form
| strFirstName | strLastName | strEmailAddress | strPassword |
| Juan Diego | Gonzalez Gomez | correo@gmail.com | Prueba1234 | [Juan diego sign up [Juan Diego clicks on button that displays the sign up form, Juan Diego enters 'Juan Diego' into input where the user's first name is written, Juan Diego enters 'Gonzalez Gomez' into input where the user's last name is written, Juan Diego enters 'cb52d059-498b-4bc9-a827-860c8e1f8e4fcorreo@gmail.com' into input where the user's email address is written, Juan Diego clicks on selector where the user's birth month is chosen]]]
[Test worker] WARN net.thucydides.core.steps.BaseStepListener - stepStarted: net.thucydides.core.steps.ExecutedStepDescription@6f25bf88
[Test worker] WARN net.thucydides.core.steps.BaseStepListener - stepFinished: current outcome:Register at Utest.com website:Example: {strFirstName=Juan Diego, strLastName=Gonzalez Gomez, strEmailAddress=correo@gmail.com, strPassword=Prueba1234, strTitle=Welcome to the world's largest community of freelance software testers!} [Given that Juan Diego wants to be a member of the Utest community [Juan diego open up [Juan Diego opens the Utest home page]], When he goes to the Utest website homepage and fills up the sign up form
| strFirstName | strLastName | strEmailAddress | strPassword |
| Juan Diego | Gonzalez Gomez | correo@gmail.com | Prueba1234 | [Juan diego sign up [Juan Diego clicks on button that displays the sign up form, Juan Diego enters 'Juan Diego' into input where the user's first name is written, Juan Diego enters 'Gonzalez Gomez' into input where the user's last name is written, Juan Diego enters 'cb52d059-498b-4bc9-a827-860c8e1f8e4fcorreo@gmail.com' into input where the user's email address is written, Juan Diego clicks on selector where the user's birth month is chosen, Juan Diego clicks on option with the user's birth month]]]
[Test worker] WARN net.thucydides.core.steps.BaseStepListener - stepStarted: net.thucydides.core.steps.ExecutedStepDescription@59c500f7
[Test worker] WARN net.thucydides.core.steps.BaseStepListener - stepFinished: current outcome:Register at Utest.com website:Example: {strFirstName=Juan Diego, strLastName=Gonzalez Gomez, strEmailAddress=correo@gmail.com, strPassword=Prueba1234, strTitle=Welcome to the world's largest community of freelance software testers!} [Given that Juan Diego wants to be a member of the Utest community [Juan diego open up [Juan Diego opens the Utest home page]], When he goes to the Utest website homepage and fills up the sign up form
| strFirstName | strLastName | strEmailAddress | strPassword |
| Juan Diego | Gonzalez Gomez | correo@gmail.com | Prueba1234 | [Juan diego sign up [Juan Diego clicks on button that displays the sign up form, Juan Diego enters 'Juan Diego' into input where the user's first name is written, Juan Diego enters 'Gonzalez Gomez' into input where the user's last name is written, Juan Diego enters 'cb52d059-498b-4bc9-a827-860c8e1f8e4fcorreo@gmail.com' into input where the user's email address is written, Juan Diego clicks on selector where the user's birth month is chosen, Juan Diego clicks on option with the user's birth month, Juan Diego clicks on selector where the user's birth day is chosen]]]
[Test worker] WARN net.thucydides.core.steps.BaseStepListener - stepStarted: net.thucydides.core.steps.ExecutedStepDescription@2eda4eeb
[Test worker] WARN net.thucydides.core.steps.BaseStepListener - stepFinished: current outcome:Register at Utest.com website:Example: {strFirstName=Juan Diego, strLastName=Gonzalez Gomez, strEmailAddress=correo@gmail.com, strPassword=Prueba1234, strTitle=Welcome to the world's largest community of freelance software testers!} [Given that Juan Diego wants to be a member of the Utest community [Juan diego open up [Juan Diego opens the Utest home page]], When he goes to the Utest website homepage and fills up the sign up form
| strFirstName | strLastName | strEmailAddress | strPassword |
| Juan Diego | Gonzalez Gomez | correo@gmail.com | Prueba1234 | [Juan diego sign up [Juan Diego clicks on button that displays the sign up form, Juan Diego enters 'Juan Diego' into input where the user's first name is written, Juan Diego enters 'Gonzalez Gomez' into input where the user's last name is written, Juan Diego enters 'cb52d059-498b-4bc9-a827-860c8e1f8e4fcorreo@gmail.com' into input where the user's email address is written, Juan Diego clicks on selector where the user's birth month is chosen, Juan Diego clicks on option with the user's birth month, Juan Diego clicks on selector where the user's birth day is chosen, Juan Diego clicks on option with the user's birth day]]]
[Test worker] WARN net.thucydides.core.steps.BaseStepListener - stepStarted: net.thucydides.core.steps.ExecutedStepDescription@13803a94
[Test worker] WARN net.thucydides.core.steps.BaseStepListener - stepFinished: current outcome:Register at Utest.com website:Example: {strFirstName=Juan Diego, strLastName=Gonzalez Gomez, strEmailAddress=correo@gmail.com, strPassword=Prueba1234, strTitle=Welcome to the world's largest community of freelance software testers!} [Given that Juan Diego wants to be a member of the Utest community [Juan diego open up [Juan Diego opens the Utest home page]], When he goes to the Utest website homepage and fills up the sign up form
| strFirstName | strLastName | strEmailAddress | strPassword |
| Juan Diego | Gonzalez Gomez | correo@gmail.com | Prueba1234 | [Juan diego sign up [Juan Diego clicks on button that displays the sign up form, Juan Diego enters 'Juan Diego' into input where the user's first name is written, Juan Diego enters 'Gonzalez Gomez' into input where the user's last name is written, Juan Diego enters 'cb52d059-498b-4bc9-a827-860c8e1f8e4fcorreo@gmail.com' into input where the user's email address is written, Juan Diego clicks on selector where the user's birth month is chosen, Juan Diego clicks on option with the user's birth month, Juan Diego clicks on selector where the user's birth day is chosen, Juan Diego clicks on option with the user's birth day, Juan Diego clicks on selector where the user's birth year is chosen]]]
[Test worker] WARN net.thucydides.core.steps.BaseStepListener - stepStarted: net.thucydides.core.steps.ExecutedStepDescription@7dee835
[Test worker] WARN net.thucydides.core.steps.BaseStepListener - stepFinished: current outcome:Register at Utest.com website:Example: {strFirstName=Juan Diego, strLastName=Gonzalez Gomez, strEmailAddress=correo@gmail.com, strPassword=Prueba1234, strTitle=Welcome to the world's largest community of freelance software testers!} [Given that Juan Diego wants to be a member of the Utest community [Juan diego open up [Juan Diego opens the Utest home page]], When he goes to the Utest website homepage and fills up the sign up form
| strFirstName | strLastName | strEmailAddress | strPassword |
| Juan Diego | Gonzalez Gomez | correo@gmail.com | Prueba1234 | [Juan diego sign up [Juan Diego clicks on button that displays the sign up form, Juan Diego enters 'Juan Diego' into input where the user's first name is written, Juan Diego enters 'Gonzalez Gomez' into input where the user's last name is written, Juan Diego enters 'cb52d059-498b-4bc9-a827-860c8e1f8e4fcorreo@gmail.com' into input where the user's email address is written, Juan Diego clicks on selector where the user's birth month is chosen, Juan Diego clicks on option with the user's birth month, Juan Diego clicks on selector where the user's birth day is chosen, Juan Diego clicks on option with the user's birth day, Juan Diego clicks on selector where the user's birth year is chosen, Juan Diego clicks on option with the user's birth year]]]
[Test worker] WARN net.thucydides.core.steps.BaseStepListener - stepStarted: net.thucydides.core.steps.ExecutedStepDescription@198536f6
[Test worker] WARN net.thucydides.core.steps.BaseStepListener - stepFinished: current outcome:Register at Utest.com website:Example: {strFirstName=Juan Diego, strLastName=Gonzalez Gomez, strEmailAddress=correo@gmail.com, strPassword=Prueba1234, strTitle=Welcome to the world's largest community of freelance software testers!} [Given that Juan Diego wants to be a member of the Utest community [Juan diego open up [Juan Diego opens the Utest home page]], When he goes to the Utest website homepage and fills up the sign up form
| strFirstName | strLastName | strEmailAddress | strPassword |
| Juan Diego | Gonzalez Gomez | correo@gmail.com | Prueba1234 | [Juan diego sign up [Juan Diego clicks on button that displays the sign up form, Juan Diego enters 'Juan Diego' into input where the user's first name is written, Juan Diego enters 'Gonzalez Gomez' into input where the user's last name is written, Juan Diego enters 'cb52d059-498b-4bc9-a827-860c8e1f8e4fcorreo@gmail.com' into input where the user's email address is written, Juan Diego clicks on selector where the user's birth month is chosen, Juan Diego clicks on option with the user's birth month, Juan Diego clicks on selector where the user's birth day is chosen, Juan Diego clicks on option with the user's birth day, Juan Diego clicks on selector where the user's birth year is chosen, Juan Diego clicks on option with the user's birth year, Juan Diego clicks on button that moves to the next part of the form]]]
[Test worker] WARN net.thucydides.core.steps.BaseStepListener - stepStarted: net.thucydides.core.steps.ExecutedStepDescription@4b56b031
[Test worker] WARN net.thucydides.core.steps.BaseStepListener - stepFinished: current outcome:Register at Utest.com website:Example: {strFirstName=Juan Diego, strLastName=Gonzalez Gomez, strEmailAddress=correo@gmail.com, strPassword=Prueba1234, strTitle=Welcome to the world's largest community of freelance software testers!} [Given that Juan Diego wants to be a member of the Utest community [Juan diego open up [Juan Diego opens the Utest home page]], When he goes to the Utest website homepage and fills up the sign up form
| strFirstName | strLastName | strEmailAddress | strPassword |
| Juan Diego | Gonzalez Gomez | correo@gmail.com | Prueba1234 | [Juan diego sign up [Juan Diego clicks on button that displays the sign up form, Juan Diego enters 'Juan Diego' into input where the user's first name is written, Juan Diego enters 'Gonzalez Gomez' into input where the user's last name is written, Juan Diego enters 'cb52d059-498b-4bc9-a827-860c8e1f8e4fcorreo@gmail.com' into input where the user's email address is written, Juan Diego clicks on selector where the user's birth month is chosen, Juan Diego clicks on option with the user's birth month, Juan Diego clicks on selector where the user's birth day is chosen, Juan Diego clicks on option with the user's birth day, Juan Diego clicks on selector where the user's birth year is chosen, Juan Diego clicks on option with the user's birth year, Juan Diego clicks on button that moves to the next part of the form, Juan Diego clicks on button that moves to the next part of the form]]]
[Test worker] WARN net.thucydides.core.steps.BaseStepListener - stepStarted: net.thucydides.core.steps.ExecutedStepDescription@4e80a001
[Test worker] WARN net.thucydides.core.steps.BaseStepListener - stepFinished: current outcome:Register at Utest.com website:Example: {strFirstName=Juan Diego, strLastName=Gonzalez Gomez, strEmailAddress=correo@gmail.com, strPassword=Prueba1234, strTitle=Welcome to the world's largest community of freelance software testers!} [Given that Juan Diego wants to be a member of the Utest community [Juan diego open up [Juan Diego opens the Utest home page]], When he goes to the Utest website homepage and fills up the sign up form
| strFirstName | strLastName | strEmailAddress | strPassword |
| Juan Diego | Gonzalez Gomez | correo@gmail.com | Prueba1234 | [Juan diego sign up [Juan Diego clicks on button that displays the sign up form, Juan Diego enters 'Juan Diego' into input where the user's first name is written, Juan Diego enters 'Gonzalez Gomez' into input where the user's last name is written, Juan Diego enters 'cb52d059-498b-4bc9-a827-860c8e1f8e4fcorreo@gmail.com' into input where the user's email address is written, Juan Diego clicks on selector where the user's birth month is chosen, Juan Diego clicks on option with the user's birth month, Juan Diego clicks on selector where the user's birth day is chosen, Juan Diego clicks on option with the user's birth day, Juan Diego clicks on selector where the user's birth year is chosen, Juan Diego clicks on option with the user's birth year, Juan Diego clicks on button that moves to the next part of the form, Juan Diego clicks on button that moves to the next part of the form, Juan Diego clicks on button that moves to the next part of the form]]]
[Test worker] WARN net.thucydides.core.steps.BaseStepListener - stepStarted: net.thucydides.core.steps.ExecutedStepDescription@2eada095
[Test worker] WARN net.thucydides.core.steps.BaseStepListener - stepFinished: current outcome:Register at Utest.com website:Example: {strFirstName=Juan Diego, strLastName=Gonzalez Gomez, strEmailAddress=correo@gmail.com, strPassword=Prueba1234, strTitle=Welcome to the world's largest community of freelance software testers!} [Given that Juan Diego wants to be a member of the Utest community [Juan diego open up [Juan Diego opens the Utest home page]], When he goes to the Utest website homepage and fills up the sign up form
| strFirstName | strLastName | strEmailAddress | strPassword |
| Juan Diego | Gonzalez Gomez | correo@gmail.com | Prueba1234 | [Juan diego sign up [Juan Diego clicks on button that displays the sign up form, Juan Diego enters 'Juan Diego' into input where the user's first name is written, Juan Diego enters 'Gonzalez Gomez' into input where the user's last name is written, Juan Diego enters 'cb52d059-498b-4bc9-a827-860c8e1f8e4fcorreo@gmail.com' into input where the user's email address is written, Juan Diego clicks on selector where the user's birth month is chosen, Juan Diego clicks on option with the user's birth month, Juan Diego clicks on selector where the user's birth day is chosen, Juan Diego clicks on option with the user's birth day, Juan Diego clicks on selector where the user's birth year is chosen, Juan Diego clicks on option with the user's birth year, Juan Diego clicks on button that moves to the next part of the form, Juan Diego clicks on button that moves to the next part of the form, Juan Diego clicks on button that moves to the next part of the form, Juan Diego clicks on button that moves to the next part of the form]]]
[Test worker] WARN net.thucydides.core.steps.BaseStepListener - stepStarted: net.thucydides.core.steps.ExecutedStepDescription@3380ca3d
[Test worker] WARN net.thucydides.core.steps.BaseStepListener - stepFinished: current outcome:Register at Utest.com website:Example: {strFirstName=Juan Diego, strLastName=Gonzalez Gomez, strEmailAddress=correo@gmail.com, strPassword=Prueba1234, strTitle=Welcome to the world's largest community of freelance software testers!} [Given that Juan Diego wants to be a member of the Utest community [Juan diego open up [Juan Diego opens the Utest home page]], When he goes to the Utest website homepage and fills up the sign up form
| strFirstName | strLastName | strEmailAddress | strPassword |
| Juan Diego | Gonzalez Gomez | correo@gmail.com | Prueba1234 | [Juan diego sign up [Juan Diego clicks on button that displays the sign up form, Juan Diego enters 'Juan Diego' into input where the user's first name is written, Juan Diego enters 'Gonzalez Gomez' into input where the user's last name is written, Juan Diego enters 'cb52d059-498b-4bc9-a827-860c8e1f8e4fcorreo@gmail.com' into input where the user's email address is written, Juan Diego clicks on selector where the user's birth month is chosen, Juan Diego clicks on option with the user's birth month, Juan Diego clicks on selector where the user's birth day is chosen, Juan Diego clicks on option with the user's birth day, Juan Diego clicks on selector where the user's birth year is chosen, Juan Diego clicks on option with the user's birth year, Juan Diego clicks on button that moves to the next part of the form, Juan Diego clicks on button that moves to the next part of the form, Juan Diego clicks on button that moves to the next part of the form, Juan Diego clicks on button that moves to the next part of the form, Juan Diego enters 'Prueba1234' into input where the user's password is written]]]
[Test worker] WARN net.thucydides.core.steps.BaseStepListener - stepStarted: net.thucydides.core.steps.ExecutedStepDescription@16ee9aa7
[Test worker] WARN net.thucydides.core.steps.BaseStepListener - stepFinished: current outcome:Register at Utest.com website:Example: {strFirstName=Juan Diego, strLastName=Gonzalez Gomez, strEmailAddress=correo@gmail.com, strPassword=Prueba1234, strTitle=Welcome to the world's largest community of freelance software testers!} [Given that Juan Diego wants to be a member of the Utest community [Juan diego open up [Juan Diego opens the Utest home page]], When he goes to the Utest website homepage and fills up the sign up form
| strFirstName | strLastName | strEmailAddress | strPassword |
| Juan Diego | Gonzalez Gomez | correo@gmail.com | Prueba1234 | [Juan diego sign up [Juan Diego clicks on button that displays the sign up form, Juan Diego enters 'Juan Diego' into input where the user's first name is written, Juan Diego enters 'Gonzalez Gomez' into input where the user's last name is written, Juan Diego enters 'cb52d059-498b-4bc9-a827-860c8e1f8e4fcorreo@gmail.com' into input where the user's email address is written, Juan Diego clicks on selector where the user's birth month is chosen, Juan Diego clicks on option with the user's birth month, Juan Diego clicks on selector where the user's birth day is chosen, Juan Diego clicks on option with the user's birth day, Juan Diego clicks on selector where the user's birth year is chosen, Juan Diego clicks on option with the user's birth year, Juan Diego clicks on button that moves to the next part of the form, Juan Diego clicks on button that moves to the next part of the form, Juan Diego clicks on button that moves to the next part of the form, Juan Diego clicks on button that moves to the next part of the form, Juan Diego enters 'Prueba1234' into input where the user's password is written, Juan Diego enters 'Prueba1234' into input where the user's password is confirmed]]]
[Test worker] WARN net.thucydides.core.steps.BaseStepListener - stepStarted: net.thucydides.core.steps.ExecutedStepDescription@3b97907c
[Test worker] WARN net.thucydides.core.steps.BaseStepListener - stepFinished: current outcome:Register at Utest.com website:Example: {strFirstName=Juan Diego, strLastName=Gonzalez Gomez, strEmailAddress=correo@gmail.com, strPassword=Prueba1234, strTitle=Welcome to the world's largest community of freelance software testers!} [Given that Juan Diego wants to be a member of the Utest community [Juan diego open up [Juan Diego opens the Utest home page]], When he goes to the Utest website homepage and fills up the sign up form
| strFirstName | strLastName | strEmailAddress | strPassword |
| Juan Diego | Gonzalez Gomez | correo@gmail.com | Prueba1234 | [Juan diego sign up [Juan Diego clicks on button that displays the sign up form, Juan Diego enters 'Juan Diego' into input where the user's first name is written, Juan Diego enters 'Gonzalez Gomez' into input where the user's last name is written, Juan Diego enters 'cb52d059-498b-4bc9-a827-860c8e1f8e4fcorreo@gmail.com' into input where the user's email address is written, Juan Diego clicks on selector where the user's birth month is chosen, Juan Diego clicks on option with the user's birth month, Juan Diego clicks on selector where the user's birth day is chosen, Juan Diego clicks on option with the user's birth day, Juan Diego clicks on selector where the user's birth year is chosen, Juan Diego clicks on option with the user's birth year, Juan Diego clicks on button that moves to the next part of the form, Juan Diego clicks on button that moves to the next part of the form, Juan Diego clicks on button that moves to the next part of the form, Juan Diego clicks on button that moves to the next part of the form, Juan Diego enters 'Prueba1234' into input where the user's password is written, Juan Diego enters 'Prueba1234' into input where the user's password is confirmed, Juan Diego clicks on checkbox where the user accepts the terms of use]]]
[Test worker] WARN net.thucydides.core.steps.BaseStepListener - stepStarted: net.thucydides.core.steps.ExecutedStepDescription@4017fe2c
[Test worker] WARN net.thucydides.core.steps.BaseStepListener - stepFinished: current outcome:Register at Utest.com website:Example: {strFirstName=Juan Diego, strLastName=Gonzalez Gomez, strEmailAddress=correo@gmail.com, strPassword=Prueba1234, strTitle=Welcome to the world's largest community of freelance software testers!} [Given that Juan Diego wants to be a member of the Utest community [Juan diego open up [Juan Diego opens the Utest home page]], When he goes to the Utest website homepage and fills up the sign up form
| strFirstName | strLastName | strEmailAddress | strPassword |
| Juan Diego | Gonzalez Gomez | correo@gmail.com | Prueba1234 | [Juan diego sign up [Juan Diego clicks on button that displays the sign up form, Juan Diego enters 'Juan Diego' into input where the user's first name is written, Juan Diego enters 'Gonzalez Gomez' into input where the user's last name is written, Juan Diego enters 'cb52d059-498b-4bc9-a827-860c8e1f8e4fcorreo@gmail.com' into input where the user's email address is written, Juan Diego clicks on selector where the user's birth month is chosen, Juan Diego clicks on option with the user's birth month, Juan Diego clicks on selector where the user's birth day is chosen, Juan Diego clicks on option with the user's birth day, Juan Diego clicks on selector where the user's birth year is chosen, Juan Diego clicks on option with the user's birth year, Juan Diego clicks on button that moves to the next part of the form, Juan Diego clicks on button that moves to the next part of the form, Juan Diego clicks on button that moves to the next part of the form, Juan Diego clicks on button that moves to the next part of the form, Juan Diego enters 'Prueba1234' into input where the user's password is written, Juan Diego enters 'Prueba1234' into input where the user's password is confirmed, Juan Diego clicks on checkbox where the user accepts the terms of use, Juan Diego clicks on checkmark where the user accepts the privacy policy]]]
[Test worker] WARN net.thucydides.core.steps.BaseStepListener - stepStarted: net.thucydides.core.steps.ExecutedStepDescription@29f3c438
[Test worker] WARN net.thucydides.core.steps.BaseStepListener - stepFinished: current outcome:Register at Utest.com website:Example: {strFirstName=Juan Diego, strLastName=Gonzalez Gomez, strEmailAddress=correo@gmail.com, strPassword=Prueba1234, strTitle=Welcome to the world's largest community of freelance software testers!} [Given that Juan Diego wants to be a member of the Utest community [Juan diego open up [Juan Diego opens the Utest home page]], When he goes to the Utest website homepage and fills up the sign up form
| strFirstName | strLastName | strEmailAddress | strPassword |
| Juan Diego | Gonzalez Gomez | correo@gmail.com | Prueba1234 | [Juan diego sign up [Juan Diego clicks on button that displays the sign up form, Juan Diego enters 'Juan Diego' into input where the user's first name is written, Juan Diego enters 'Gonzalez Gomez' into input where the user's last name is written, Juan Diego enters 'cb52d059-498b-4bc9-a827-860c8e1f8e4fcorreo@gmail.com' into input where the user's email address is written, Juan Diego clicks on selector where the user's birth month is chosen, Juan Diego clicks on option with the user's birth month, Juan Diego clicks on selector where the user's birth day is chosen, Juan Diego clicks on option with the user's birth day, Juan Diego clicks on selector where the user's birth year is chosen, Juan Diego clicks on option with the user's birth year, Juan Diego clicks on button that moves to the next part of the form, Juan Diego clicks on button that moves to the next part of the form, Juan Diego clicks on button that moves to the next part of the form, Juan Diego clicks on button that moves to the next part of the form, Juan Diego enters 'Prueba1234' into input where the user's password is written, Juan Diego enters 'Prueba1234' into input where the user's password is confirmed, Juan Diego clicks on checkbox where the user accepts the terms of use, Juan Diego clicks on checkmark where the user accepts the privacy policy, Juan Diego clicks on button that moves to the next part of the form]]]
[Test worker] WARN net.thucydides.core.steps.BaseStepListener - stepFinished: current outcome:Register at Utest.com website:Example: {strFirstName=Juan Diego, strLastName=Gonzalez Gomez, strEmailAddress=correo@gmail.com, strPassword=Prueba1234, strTitle=Welcome to the world's largest community of freelance software testers!} [Given that Juan Diego wants to be a member of the Utest community [Juan diego open up [Juan Diego opens the Utest home page]], When he goes to the Utest website homepage and fills up the sign up form
| strFirstName | strLastName | strEmailAddress | strPassword |
| Juan Diego | Gonzalez Gomez | correo@gmail.com | Prueba1234 | [Juan diego sign up [Juan Diego clicks on button that displays the sign up form, Juan Diego enters 'Juan Diego' into input where the user's first name is written, Juan Diego enters 'Gonzalez Gomez' into input where the user's last name is written, Juan Diego enters 'cb52d059-498b-4bc9-a827-860c8e1f8e4fcorreo@gmail.com' into input where the user's email address is written, Juan Diego clicks on selector where the user's birth month is chosen, Juan Diego clicks on option with the user's birth month, Juan Diego clicks on selector where the user's birth day is chosen, Juan Diego clicks on option with the user's birth day, Juan Diego clicks on selector where the user's birth year is chosen, Juan Diego clicks on option with the user's birth year, Juan Diego clicks on button that moves to the next part of the form, Juan Diego clicks on button that moves to the next part of the form, Juan Diego clicks on button that moves to the next part of the form, Juan Diego clicks on button that moves to the next part of the form, Juan Diego enters 'Prueba1234' into input where the user's password is written, Juan Diego enters 'Prueba1234' into input where the user's password is confirmed, Juan Diego clicks on checkbox where the user accepts the terms of use, Juan Diego clicks on checkmark where the user accepts the privacy policy, Juan Diego clicks on button that moves to the next part of the form]]]
[Test worker] WARN net.thucydides.core.steps.BaseStepListener - stepFinished: current outcome:Register at Utest.com website:Example: {strFirstName=Juan Diego, strLastName=Gonzalez Gomez, strEmailAddress=correo@gmail.com, strPassword=Prueba1234, strTitle=Welcome to the world's largest community of freelance software testers!} [Given that Juan Diego wants to be a member of the Utest community [Juan diego open up [Juan Diego opens the Utest home page]], When he goes to the Utest website homepage and fills up the sign up form
| strFirstName | strLastName | strEmailAddress | strPassword |
| Juan Diego | Gonzalez Gomez | correo@gmail.com | Prueba1234 | [Juan diego sign up [Juan Diego clicks on button that displays the sign up form, Juan Diego enters 'Juan Diego' into input where the user's first name is written, Juan Diego enters 'Gonzalez Gomez' into input where the user's last name is written, Juan Diego enters 'cb52d059-498b-4bc9-a827-860c8e1f8e4fcorreo@gmail.com' into input where the user's email address is written, Juan Diego clicks on selector where the user's birth month is chosen, Juan Diego clicks on option with the user's birth month, Juan Diego clicks on selector where the user's birth day is chosen, Juan Diego clicks on option with the user's birth day, Juan Diego clicks on selector where the user's birth year is chosen, Juan Diego clicks on option with the user's birth year, Juan Diego clicks on button that moves to the next part of the form, Juan Diego clicks on button that moves to the next part of the form, Juan Diego clicks on button that moves to the next part of the form, Juan Diego clicks on button that moves to the next part of the form, Juan Diego enters 'Prueba1234' into input where the user's password is written, Juan Diego enters 'Prueba1234' into input where the user's password is confirmed, Juan Diego clicks on checkbox where the user accepts the terms of use, Juan Diego clicks on checkmark where the user accepts the privacy policy, Juan Diego clicks on button that moves to the next part of the form]]]
[Test worker] WARN net.thucydides.core.steps.BaseStepListener - stepStarted: net.thucydides.core.steps.ExecutedStepDescription@7cf63b9a
[Test worker] WARN net.thucydides.core.steps.BaseStepListener - stepStarted: net.thucydides.core.steps.ExecutedStepDescription@16bd7ae1
[Test worker] WARN net.thucydides.core.steps.BaseStepListener - stepFinished: current outcome:Register at Utest.com website:Example: {strFirstName=Juan Diego, strLastName=Gonzalez Gomez, strEmailAddress=correo@gmail.com, strPassword=Prueba1234, strTitle=Welcome to the world's largest community of freelance software testers!} [Given that Juan Diego wants to be a member of the Utest community [Juan diego open up [Juan Diego opens the Utest home page]], When he goes to the Utest website homepage and fills up the sign up form
| strFirstName | strLastName | strEmailAddress | strPassword |
| Juan Diego | Gonzalez Gomez | correo@gmail.com | Prueba1234 | [Juan diego sign up [Juan Diego clicks on button that displays the sign up form, Juan Diego enters 'Juan Diego' into input where the user's first name is written, Juan Diego enters 'Gonzalez Gomez' into input where the user's last name is written, Juan Diego enters 'cb52d059-498b-4bc9-a827-860c8e1f8e4fcorreo@gmail.com' into input where the user's email address is written, Juan Diego clicks on selector where the user's birth month is chosen, Juan Diego clicks on option with the user's birth month, Juan Diego clicks on selector where the user's birth day is chosen, Juan Diego clicks on option with the user's birth day, Juan Diego clicks on selector where the user's birth year is chosen, Juan Diego clicks on option with the user's birth year, Juan Diego clicks on button that moves to the next part of the form, Juan Diego clicks on button that moves to the next part of the form, Juan Diego clicks on button that moves to the next part of the form, Juan Diego clicks on button that moves to the next part of the form, Juan Diego enters 'Prueba1234' into input where the user's password is written, Juan Diego enters 'Prueba1234' into input where the user's password is confirmed, Juan Diego clicks on checkbox where the user accepts the terms of use, Juan Diego clicks on checkmark where the user accepts the privacy policy, Juan Diego clicks on button that moves to the next part of the form]], Then he has an account created at Utest.com and he is welcomed to the site
| strTitle |
| Welcome to the world's largest community of freelance software testers! | [Then answer]]
[Test worker] WARN net.thucydides.core.steps.BaseStepListener - stepFinished: current outcome:Register at Utest.com website:Example: {strFirstName=Juan Diego, strLastName=Gonzalez Gomez, strEmailAddress=correo@gmail.com, strPassword=Prueba1234, strTitle=Welcome to the world's largest community of freelance software testers!} [Given that Juan Diego wants to be a member of the Utest community [Juan diego open up [Juan Diego opens the Utest home page]], When he goes to the Utest website homepage and fills up the sign up form
| strFirstName | strLastName | strEmailAddress | strPassword |
| Juan Diego | Gonzalez Gomez | correo@gmail.com | Prueba1234 | [Juan diego sign up [Juan Diego clicks on button that displays the sign up form, Juan Diego enters 'Juan Diego' into input where the user's first name is written, Juan Diego enters 'Gonzalez Gomez' into input where the user's last name is written, Juan Diego enters 'cb52d059-498b-4bc9-a827-860c8e1f8e4fcorreo@gmail.com' into input where the user's email address is written, Juan Diego clicks on selector where the user's birth month is chosen, Juan Diego clicks on option with the user's birth month, Juan Diego clicks on selector where the user's birth day is chosen, Juan Diego clicks on option with the user's birth day, Juan Diego clicks on selector where the user's birth year is chosen, Juan Diego clicks on option with the user's birth year, Juan Diego clicks on button that moves to the next part of the form, Juan Diego clicks on button that moves to the next part of the form, Juan Diego clicks on button that moves to the next part of the form, Juan Diego clicks on button that moves to the next part of the form, Juan Diego enters 'Prueba1234' into input where the user's password is written, Juan Diego enters 'Prueba1234' into input where the user's password is confirmed, Juan Diego clicks on checkbox where the user accepts the terms of use, Juan Diego clicks on checkmark where the user accepts the privacy policy, Juan Diego clicks on button that moves to the next part of the form]], Then he has an account created at Utest.com and he is welcomed to the site
| strTitle |
| Welcome to the world's largest community of freelance software testers! | [Then answer]]
[Test worker] WARN net.thucydides.core.steps.BaseStepListener - stepFinished: current outcome:Register at Utest.com website:Example: {strFirstName=Juan Diego, strLastName=Gonzalez Gomez, strEmailAddress=correo@gmail.com, strPassword=Prueba1234, strTitle=Welcome to the world's largest community of freelance software testers!} [Given that Juan Diego wants to be a member of the Utest community [Juan diego open up [Juan Diego opens the Utest home page]], When he goes to the Utest website homepage and fills up the sign up form
| strFirstName | strLastName | strEmailAddress | strPassword |
| Juan Diego | Gonzalez Gomez | correo@gmail.com | Prueba1234 | [Juan diego sign up [Juan Diego clicks on button that displays the sign up form, Juan Diego enters 'Juan Diego' into input where the user's first name is written, Juan Diego enters 'Gonzalez Gomez' into input where the user's last name is written, Juan Diego enters 'cb52d059-498b-4bc9-a827-860c8e1f8e4fcorreo@gmail.com' into input where the user's email address is written, Juan Diego clicks on selector where the user's birth month is chosen, Juan Diego clicks on option with the user's birth month, Juan Diego clicks on selector where the user's birth day is chosen, Juan Diego clicks on option with the user's birth day, Juan Diego clicks on selector where the user's birth year is chosen, Juan Diego clicks on option with the user's birth year, Juan Diego clicks on button that moves to the next part of the form, Juan Diego clicks on button that moves to the next part of the form, Juan Diego clicks on button that moves to the next part of the form, Juan Diego clicks on button that moves to the next part of the form, Juan Diego enters 'Prueba1234' into input where the user's password is written, Juan Diego enters 'Prueba1234' into input where the user's password is confirmed, Juan Diego clicks on checkbox where the user accepts the terms of use, Juan Diego clicks on checkmark where the user accepts the privacy policy, Juan Diego clicks on button that moves to the next part of the form]], Then he has an account created at Utest.com and he is welcomed to the site
| strTitle |
| Welcome to the world's largest community of freelance software testers! | [Then answer]]
[Test worker] WARN net.thucydides.core.steps.BaseStepListener - testFinished: Register at Utest.com website:Example: {strFirstName=Juan Diego, strLastName=Gonzalez Gomez, strEmailAddress=correo@gmail.com, strPassword=Prueba1234, strTitle=Welcome to the world's largest community of freelance software testers!} [Given that Juan Diego wants to be a member of the Utest community [Juan diego open up [Juan Diego opens the Utest home page]], When he goes to the Utest website homepage and fills up the sign up form
| strFirstName | strLastName | strEmailAddress | strPassword |
| Juan Diego | Gonzalez Gomez | correo@gmail.com | Prueba1234 | [Juan diego sign up [Juan Diego clicks on button that displays the sign up form, Juan Diego enters 'Juan Diego' into input where the user's first name is written, Juan Diego enters 'Gonzalez Gomez' into input where the user's last name is written, Juan Diego enters 'cb52d059-498b-4bc9-a827-860c8e1f8e4fcorreo@gmail.com' into input where the user's email address is written, Juan Diego clicks on selector where the user's birth month is chosen, Juan Diego clicks on option with the user's birth month, Juan Diego clicks on selector where the user's birth day is chosen, Juan Diego clicks on option with the user's birth day, Juan Diego clicks on selector where the user's birth year is chosen, Juan Diego clicks on option with the user's birth year, Juan Diego clicks on button that moves to the next part of the form, Juan Diego clicks on button that moves to the next part of the form, Juan Diego clicks on button that moves to the next part of the form, Juan Diego clicks on button that moves to the next part of the form, Juan Diego enters 'Prueba1234' into input where the user's password is written, Juan Diego enters 'Prueba1234' into input where the user's password is confirmed, Juan Diego clicks on checkbox where the user accepts the terms of use, Juan Diego clicks on checkmark where the user accepts the privacy policy, Juan Diego clicks on button that moves to the next part of the form]], Then he has an account created at Utest.com and he is welcomed to the site
| strTitle |
| Welcome to the world's largest community of freelance software testers! | [Then answer]]
[Test worker] WARN net.thucydides.core.steps.BaseStepListener - TestOutcomes: [Register at Utest.com website:Example: {strFirstName=Juan Diego, strLastName=Gonzalez Gomez, strEmailAddress=correo@gmail.com, strPassword=Prueba1234, strTitle=Welcome to the world's largest community of freelance software testers!} [Given that Juan Diego wants to be a member of the Utest community [Juan diego open up [Juan Diego opens the Utest home page]], When he goes to the Utest website homepage and fills up the sign up form
| strFirstName | strLastName | strEmailAddress | strPassword |
| Juan Diego | Gonzalez Gomez | correo@gmail.com | Prueba1234 | [Juan diego sign up [Juan Diego clicks on button that displays the sign up form, Juan Diego enters 'Juan Diego' into input where the user's first name is written, Juan Diego enters 'Gonzalez Gomez' into input where the user's last name is written, Juan Diego enters 'cb52d059-498b-4bc9-a827-860c8e1f8e4fcorreo@gmail.com' into input where the user's email address is written, Juan Diego clicks on selector where the user's birth month is chosen, Juan Diego clicks on option with the user's birth month, Juan Diego clicks on selector where the user's birth day is chosen, Juan Diego clicks on option with the user's birth day, Juan Diego clicks on selector where the user's birth year is chosen, Juan Diego clicks on option with the user's birth year, Juan Diego clicks on button that moves to the next part of the form, Juan Diego clicks on button that moves to the next part of the form, Juan Diego clicks on button that moves to the next part of the form, Juan Diego clicks on button that moves to the next part of the form, Juan Diego enters 'Prueba1234' into input where the user's password is written, Juan Diego enters 'Prueba1234' into input where the user's password is confirmed, Juan Diego clicks on checkbox where the user accepts the terms of use, Juan Diego clicks on checkmark where the user accepts the privacy policy, Juan Diego clicks on button that moves to the next part of the form]], Then he has an account created at Utest.com and he is welcomed to the site
| strTitle |
| Welcome to the world's largest community of freelance software testers! | [Then answer]]]
[Test worker] WARN net.thucydides.core.steps.BaseStepListener - Final testOutcomes: [Register at Utest.com website:Example: {strFirstName=Juan Diego, strLastName=Gonzalez Gomez, strEmailAddress=correo@gmail.com, strPassword=Prueba1234, strTitle=Welcome to the world's largest community of freelance software testers!} [Given that Juan Diego wants to be a member of the Utest community [Juan diego open up [Juan Diego opens the Utest home page]], When he goes to the Utest website homepage and fills up the sign up form
| strFirstName | strLastName | strEmailAddress | strPassword |
| Juan Diego | Gonzalez Gomez | correo@gmail.com | Prueba1234 | [Juan diego sign up [Juan Diego clicks on button that displays the sign up form, Juan Diego enters 'Juan Diego' into input where the user's first name is written, Juan Diego enters 'Gonzalez Gomez' into input where the user's last name is written, Juan Diego enters 'cb52d059-498b-4bc9-a827-860c8e1f8e4fcorreo@gmail.com' into input where the user's email address is written, Juan Diego clicks on selector where the user's birth month is chosen, Juan Diego clicks on option with the user's birth month, Juan Diego clicks on selector where the user's birth day is chosen, Juan Diego clicks on option with the user's birth day, Juan Diego clicks on selector where the user's birth year is chosen, Juan Diego clicks on option with the user's birth year, Juan Diego clicks on button that moves to the next part of the form, Juan Diego clicks on button that moves to the next part of the form, Juan Diego clicks on button that moves to the next part of the form, Juan Diego clicks on button that moves to the next part of the form, Juan Diego enters 'Prueba1234' into input where the user's password is written, Juan Diego enters 'Prueba1234' into input where the user's password is confirmed, Juan Diego clicks on checkbox where the user accepts the terms of use, Juan Diego clicks on checkmark where the user accepts the privacy policy, Juan Diego clicks on button that moves to the next part of the form]], Then he has an account created at Utest.com and he is welcomed to the site
| strTitle |
| Welcome to the world's largest community of freelance software testers! | [Then answer]]]
[Test worker] INFO net.thucydides.core.steps.ConsoleLoggingListener - 
        __    _____ _____ ____ _____   ____   _    ____  ____  _____ ____  
  _     \ \  |_   _| ____/ ___|_   _| |  _ \ / \  / ___|/ ___|| ____|  _ \ 
 (_)_____| |   | | |  _| \___ \ | |   | |_) / _ \ \___ \\___ \|  _| | | | |
  _|_____| |   | | | |___ ___) || |   |  __/ ___ \ ___) |___) | |___| |_| |
 (_)     | |   |_| |_____|____/ |_|   |_| /_/   \_\____/|____/|_____|____/ 
        /_/                                                                

TEST PASSED: Register at Utest.com website
----------------------------------------------------------------------------
]]></system-err>
</testsuite>
